2024/06/24 04:00:57 [notice] 1#1: using the "epoll" event method
2024/06/24 04:00:57 [notice] 1#1: nginx/1.25.4
2024/06/24 04:00:57 [notice] 1#1: built by gcc 12.2.0 (Debian 12.2.0-14) 
2024/06/24 04:00:57 [notice] 1#1: OS: Linux 6.5.0-35-generic
2024/06/24 04:00:57 [notice] 1#1: getrlimit(RLIMIT_NOFILE): 1024:524288
2024/06/24 04:00:57 [notice] 1#1: start worker processes
2024/06/24 04:00:57 [notice] 1#1: start worker process 20
2024/06/24 04:00:57 [notice] 1#1: start worker process 21
2024/06/24 04:00:57 [notice] 1#1: start worker process 22
2024/06/24 04:00:57 [notice] 1#1: start worker process 23
2024/06/24 04:00:57 [notice] 1#1: start worker process 24
2024/06/24 04:00:57 [notice] 1#1: start worker process 25
2024/06/24 04:00:57 [notice] 1#1: start worker process 26
2024/06/24 04:00:57 [notice] 1#1: start worker process 27
2024/06/24 04:00:57 [notice] 1#1: start worker process 28
2024/06/24 04:00:57 [notice] 1#1: start worker process 29
2024/06/24 04:00:57 [notice] 1#1: start worker process 30
2024/06/24 04:00:57 [notice] 1#1: start worker process 31
2024/06/24 04:05:17 [notice] 1#1: signal 3 (SIGQUIT) received, shutting down
2024/06/24 04:05:17 [notice] 20#20: gracefully shutting down
2024/06/24 04:05:17 [notice] 21#21: gracefully shutting down
2024/06/24 04:05:17 [notice] 22#22: gracefully shutting down
2024/06/24 04:05:17 [notice] 23#23: gracefully shutting down
2024/06/24 04:05:17 [notice] 24#24: gracefully shutting down
2024/06/24 04:05:17 [notice] 20#20: exiting
2024/06/24 04:05:17 [notice] 25#25: gracefully shutting down
2024/06/24 04:05:17 [notice] 27#27: gracefully shutting down
2024/06/24 04:05:17 [notice] 26#26: gracefully shutting down
2024/06/24 04:05:17 [notice] 21#21: exiting
2024/06/24 04:05:17 [notice] 28#28: gracefully shutting down
2024/06/24 04:05:17 [notice] 22#22: exiting
2024/06/24 04:05:17 [notice] 30#30: gracefully shutting down
2024/06/24 04:05:17 [notice] 23#23: exiting
2024/06/24 04:05:17 [notice] 31#31: gracefully shutting down
2024/06/24 04:05:17 [notice] 24#24: exiting
2024/06/24 04:05:17 [notice] 25#25: exiting
2024/06/24 04:05:17 [notice] 27#27: exiting
2024/06/24 04:05:17 [notice] 20#20: exit
2024/06/24 04:05:17 [notice] 26#26: exiting
2024/06/24 04:05:17 [notice] 28#28: exiting
2024/06/24 04:05:17 [notice] 21#21: exit
2024/06/24 04:05:17 [notice] 22#22: exit
2024/06/24 04:05:17 [notice] 30#30: exiting
2024/06/24 04:05:17 [notice] 31#31: exiting
2024/06/24 04:05:17 [notice] 23#23: exit
2024/06/24 04:05:17 [notice] 24#24: exit
2024/06/24 04:05:17 [notice] 25#25: exit
2024/06/24 04:05:17 [notice] 27#27: exit
2024/06/24 04:05:17 [notice] 26#26: exit
2024/06/24 04:05:17 [notice] 28#28: exit
2024/06/24 04:05:17 [notice] 31#31: exit
2024/06/24 04:05:17 [notice] 30#30: exit
2024/06/24 04:05:17 [notice] 29#29: gracefully shutting down
2024/06/24 04:05:17 [notice] 29#29: exiting
2024/06/24 04:05:17 [notice] 29#29: exit
2024/06/24 04:05:17 [notice] 1#1: signal 17 (SIGCHLD) received from 21
2024/06/24 04:05:17 [notice] 1#1: worker process 21 exited with code 0
2024/06/24 04:05:17 [notice] 1#1: worker process 30 exited with code 0
2024/06/24 04:05:17 [notice] 1#1: signal 29 (SIGIO) received
2024/06/24 04:05:17 [notice] 1#1: signal 17 (SIGCHLD) received from 29
2024/06/24 04:05:17 [notice] 1#1: worker process 29 exited with code 0
2024/06/24 04:05:17 [notice] 1#1: worker process 31 exited with code 0
2024/06/24 04:05:17 [notice] 1#1: signal 29 (SIGIO) received
2024/06/24 04:05:17 [notice] 1#1: signal 17 (SIGCHLD) received from 25
2024/06/24 04:05:17 [notice] 1#1: worker process 25 exited with code 0
2024/06/24 04:05:17 [notice] 1#1: signal 29 (SIGIO) received
2024/06/24 04:05:17 [notice] 1#1: signal 17 (SIGCHLD) received from 26
2024/06/24 04:05:17 [notice] 1#1: worker process 26 exited with code 0
2024/06/24 04:05:17 [notice] 1#1: signal 29 (SIGIO) received
2024/06/24 04:05:17 [notice] 1#1: signal 17 (SIGCHLD) received from 24
2024/06/24 04:05:17 [notice] 1#1: worker process 24 exited with code 0
2024/06/24 04:05:17 [notice] 1#1: signal 29 (SIGIO) received
2024/06/24 04:05:17 [notice] 1#1: signal 17 (SIGCHLD) received from 27
2024/06/24 04:05:17 [notice] 1#1: worker process 20 exited with code 0
2024/06/24 04:05:17 [notice] 1#1: worker process 27 exited with code 0
2024/06/24 04:05:17 [notice] 1#1: signal 29 (SIGIO) received
2024/06/24 04:05:17 [notice] 1#1: signal 17 (SIGCHLD) received from 23
2024/06/24 04:05:17 [notice] 1#1: worker process 23 exited with code 0
2024/06/24 04:05:17 [notice] 1#1: signal 29 (SIGIO) received
2024/06/24 04:05:17 [notice] 1#1: signal 17 (SIGCHLD) received from 28
2024/06/24 04:05:17 [notice] 1#1: worker process 28 exited with code 0
2024/06/24 04:05:17 [notice] 1#1: signal 29 (SIGIO) received
2024/06/24 04:05:17 [notice] 1#1: signal 17 (SIGCHLD) received from 22
2024/06/24 04:05:17 [notice] 1#1: worker process 22 exited with code 0
2024/06/24 04:05:17 [notice] 1#1: exit
2024/06/24 04:07:55 [notice] 1#1: using the "epoll" event method
2024/06/24 04:07:55 [notice] 1#1: nginx/1.25.4
2024/06/24 04:07:55 [notice] 1#1: built by gcc 12.2.0 (Debian 12.2.0-14) 
2024/06/24 04:07:55 [notice] 1#1: OS: Linux 6.5.0-41-generic
2024/06/24 04:07:55 [notice] 1#1: getrlimit(RLIMIT_NOFILE): 1024:524288
2024/06/24 04:07:55 [notice] 1#1: start worker processes
2024/06/24 04:07:55 [notice] 1#1: start worker process 20
2024/06/24 04:07:55 [notice] 1#1: start worker process 21
2024/06/24 04:07:55 [notice] 1#1: start worker process 22
2024/06/24 04:07:55 [notice] 1#1: start worker process 23
2024/06/24 04:07:55 [notice] 1#1: start worker process 24
2024/06/24 04:07:55 [notice] 1#1: start worker process 25
2024/06/24 04:07:55 [notice] 1#1: start worker process 26
2024/06/24 04:07:55 [notice] 1#1: start worker process 27
2024/06/24 04:07:55 [notice] 1#1: start worker process 28
2024/06/24 04:07:55 [notice] 1#1: start worker process 29
2024/06/24 04:07:55 [notice] 1#1: start worker process 30
2024/06/24 04:07:55 [notice] 1#1: start worker process 31
2024/06/24 04:11:07 [notice] 1#1: signal 3 (SIGQUIT) received, shutting down
2024/06/24 04:11:07 [notice] 22#22: gracefully shutting down
2024/06/24 04:11:07 [notice] 20#20: gracefully shutting down
2024/06/24 04:11:07 [notice] 23#23: gracefully shutting down
2024/06/24 04:11:07 [notice] 24#24: gracefully shutting down
2024/06/24 04:11:07 [notice] 21#21: gracefully shutting down
2024/06/24 04:11:07 [notice] 25#25: gracefully shutting down
2024/06/24 04:11:07 [notice] 26#26: gracefully shutting down
2024/06/24 04:11:07 [notice] 22#22: exiting
2024/06/24 04:11:07 [notice] 20#20: exiting
2024/06/24 04:11:07 [notice] 28#28: gracefully shutting down
2024/06/24 04:11:07 [notice] 29#29: gracefully shutting down
2024/06/24 04:11:07 [notice] 23#23: exiting
2024/06/24 04:11:07 [notice] 24#24: exiting
2024/06/24 04:11:07 [notice] 21#21: exiting
2024/06/24 04:11:07 [notice] 25#25: exiting
2024/06/24 04:11:07 [notice] 26#26: exiting
2024/06/24 04:11:07 [notice] 28#28: exiting
2024/06/24 04:11:07 [notice] 29#29: exiting
2024/06/24 04:11:07 [notice] 20#20: exit
2024/06/24 04:11:07 [notice] 22#22: exit
2024/06/24 04:11:07 [notice] 23#23: exit
2024/06/24 04:11:07 [notice] 24#24: exit
2024/06/24 04:11:07 [notice] 21#21: exit
2024/06/24 04:11:07 [notice] 25#25: exit
2024/06/24 04:11:07 [notice] 28#28: exit
2024/06/24 04:11:07 [notice] 26#26: exit
2024/06/24 04:11:07 [notice] 29#29: exit
2024/06/24 04:11:07 [notice] 27#27: gracefully shutting down
2024/06/24 04:11:07 [notice] 27#27: exiting
2024/06/24 04:11:07 [notice] 27#27: exit
2024/06/24 04:11:07 [notice] 30#30: gracefully shutting down
2024/06/24 04:11:07 [notice] 30#30: exiting
2024/06/24 04:11:07 [notice] 30#30: exit
2024/06/24 04:11:07 [notice] 31#31: gracefully shutting down
2024/06/24 04:11:07 [notice] 31#31: exiting
2024/06/24 04:11:07 [notice] 31#31: exit
2024/06/24 04:11:07 [notice] 1#1: signal 17 (SIGCHLD) received from 27
2024/06/24 04:11:07 [notice] 1#1: worker process 21 exited with code 0
2024/06/24 04:11:07 [notice] 1#1: worker process 22 exited with code 0
2024/06/24 04:11:07 [notice] 1#1: worker process 27 exited with code 0
2024/06/24 04:11:07 [notice] 1#1: signal 29 (SIGIO) received
2024/06/24 04:11:07 [notice] 1#1: signal 17 (SIGCHLD) received from 26
2024/06/24 04:11:07 [notice] 1#1: worker process 26 exited with code 0
2024/06/24 04:11:07 [notice] 1#1: worker process 28 exited with code 0
2024/06/24 04:11:07 [notice] 1#1: signal 29 (SIGIO) received
2024/06/24 04:11:07 [notice] 1#1: signal 17 (SIGCHLD) received from 28
2024/06/24 04:11:07 [notice] 1#1: signal 17 (SIGCHLD) received from 25
2024/06/24 04:11:07 [notice] 1#1: worker process 25 exited with code 0
2024/06/24 04:11:07 [notice] 1#1: signal 29 (SIGIO) received
2024/06/24 04:11:07 [notice] 1#1: signal 17 (SIGCHLD) received from 29
2024/06/24 04:11:07 [notice] 1#1: worker process 29 exited with code 0
2024/06/24 04:11:07 [notice] 1#1: signal 29 (SIGIO) received
2024/06/24 04:11:07 [notice] 1#1: signal 17 (SIGCHLD) received from 24
2024/06/24 04:11:07 [notice] 1#1: worker process 24 exited with code 0
2024/06/24 04:11:07 [notice] 1#1: signal 29 (SIGIO) received
2024/06/24 04:11:07 [notice] 1#1: signal 17 (SIGCHLD) received from 31
2024/06/24 04:11:07 [notice] 1#1: worker process 20 exited with code 0
2024/06/24 04:11:07 [notice] 1#1: worker process 31 exited with code 0
2024/06/24 04:11:07 [notice] 1#1: signal 29 (SIGIO) received
2024/06/24 04:11:07 [notice] 1#1: signal 17 (SIGCHLD) received from 20
2024/06/24 04:11:07 [notice] 1#1: signal 17 (SIGCHLD) received from 30
2024/06/24 04:11:07 [notice] 1#1: worker process 30 exited with code 0
2024/06/24 04:11:07 [notice] 1#1: signal 29 (SIGIO) received
2024/06/24 04:11:07 [notice] 1#1: signal 17 (SIGCHLD) received from 23
2024/06/24 04:11:07 [notice] 1#1: worker process 23 exited with code 0
2024/06/24 04:11:07 [notice] 1#1: exit
2024/06/24 04:12:21 [notice] 1#1: using the "epoll" event method
2024/06/24 04:12:21 [notice] 1#1: nginx/1.25.4
2024/06/24 04:12:21 [notice] 1#1: built by gcc 12.2.0 (Debian 12.2.0-14) 
2024/06/24 04:12:21 [notice] 1#1: OS: Linux 6.5.0-41-generic
2024/06/24 04:12:21 [notice] 1#1: getrlimit(RLIMIT_NOFILE): 1024:524288
2024/06/24 04:12:21 [notice] 1#1: start worker processes
2024/06/24 04:12:21 [notice] 1#1: start worker process 19
2024/06/24 04:12:21 [notice] 1#1: start worker process 20
2024/06/24 04:12:21 [notice] 1#1: start worker process 21
2024/06/24 04:12:21 [notice] 1#1: start worker process 22
2024/06/24 04:12:21 [notice] 1#1: start worker process 23
2024/06/24 04:12:21 [notice] 1#1: start worker process 24
2024/06/24 04:12:21 [notice] 1#1: start worker process 25
2024/06/24 04:12:21 [notice] 1#1: start worker process 26
2024/06/24 04:12:21 [notice] 1#1: start worker process 27
2024/06/24 04:12:21 [notice] 1#1: start worker process 28
2024/06/24 04:12:21 [notice] 1#1: start worker process 29
2024/06/24 04:12:21 [notice] 1#1: start worker process 30
2024/06/24 04:54:53 [notice] 1#1: signal 3 (SIGQUIT) received, shutting down
2024/06/24 04:54:53 [notice] 20#20: gracefully shutting down
2024/06/24 04:54:53 [notice] 22#22: gracefully shutting down
2024/06/24 04:54:53 [notice] 21#21: gracefully shutting down
2024/06/24 04:54:53 [notice] 23#23: gracefully shutting down
2024/06/24 04:54:53 [notice] 19#19: gracefully shutting down
2024/06/24 04:54:53 [notice] 24#24: gracefully shutting down
2024/06/24 04:54:53 [notice] 25#25: gracefully shutting down
2024/06/24 04:54:53 [notice] 26#26: gracefully shutting down
2024/06/24 04:54:53 [notice] 27#27: gracefully shutting down
2024/06/24 04:54:53 [notice] 20#20: exiting
2024/06/24 04:54:53 [notice] 28#28: gracefully shutting down
2024/06/24 04:54:53 [notice] 22#22: exiting
2024/06/24 04:54:53 [notice] 21#21: exiting
2024/06/24 04:54:53 [notice] 23#23: exiting
2024/06/24 04:54:53 [notice] 19#19: exiting
2024/06/24 04:54:53 [notice] 30#30: gracefully shutting down
2024/06/24 04:54:53 [notice] 24#24: exiting
2024/06/24 04:54:53 [notice] 25#25: exiting
2024/06/24 04:54:53 [notice] 26#26: exiting
2024/06/24 04:54:53 [notice] 27#27: exiting
2024/06/24 04:54:53 [notice] 20#20: exit
2024/06/24 04:54:53 [notice] 28#28: exiting
2024/06/24 04:54:53 [notice] 30#30: exiting
2024/06/24 04:54:53 [notice] 22#22: exit
2024/06/24 04:54:53 [notice] 21#21: exit
2024/06/24 04:54:53 [notice] 23#23: exit
2024/06/24 04:54:53 [notice] 19#19: exit
2024/06/24 04:54:53 [notice] 24#24: exit
2024/06/24 04:54:53 [notice] 25#25: exit
2024/06/24 04:54:53 [notice] 26#26: exit
2024/06/24 04:54:53 [notice] 27#27: exit
2024/06/24 04:54:53 [notice] 29#29: gracefully shutting down
2024/06/24 04:54:53 [notice] 28#28: exit
2024/06/24 04:54:53 [notice] 30#30: exit
2024/06/24 04:54:53 [notice] 29#29: exiting
2024/06/24 04:54:53 [notice] 29#29: exit
2024/06/24 04:54:53 [notice] 1#1: signal 17 (SIGCHLD) received from 24
2024/06/24 04:54:53 [notice] 1#1: worker process 24 exited with code 0
2024/06/24 04:54:53 [notice] 1#1: signal 29 (SIGIO) received
2024/06/24 04:54:53 [notice] 1#1: signal 17 (SIGCHLD) received from 21
2024/06/24 04:54:53 [notice] 1#1: worker process 21 exited with code 0
2024/06/24 04:54:53 [notice] 1#1: signal 29 (SIGIO) received
2024/06/24 04:54:53 [notice] 1#1: signal 17 (SIGCHLD) received from 19
2024/06/24 04:54:53 [notice] 1#1: worker process 19 exited with code 0
2024/06/24 04:54:53 [notice] 1#1: signal 29 (SIGIO) received
2024/06/24 04:54:53 [notice] 1#1: signal 17 (SIGCHLD) received from 22
2024/06/24 04:54:53 [notice] 1#1: worker process 22 exited with code 0
2024/06/24 04:54:53 [notice] 1#1: worker process 28 exited with code 0
2024/06/24 04:54:53 [notice] 1#1: signal 29 (SIGIO) received
2024/06/24 04:54:53 [notice] 1#1: signal 17 (SIGCHLD) received from 28
2024/06/24 04:54:53 [notice] 1#1: signal 17 (SIGCHLD) received from 29
2024/06/24 04:54:53 [notice] 1#1: worker process 29 exited with code 0
2024/06/24 04:54:53 [notice] 1#1: signal 29 (SIGIO) received
2024/06/24 04:54:53 [notice] 1#1: signal 17 (SIGCHLD) received from 23
2024/06/24 04:54:53 [notice] 1#1: worker process 23 exited with code 0
2024/06/24 04:54:53 [notice] 1#1: signal 29 (SIGIO) received
2024/06/24 04:54:53 [notice] 1#1: signal 17 (SIGCHLD) received from 26
2024/06/24 04:54:53 [notice] 1#1: worker process 26 exited with code 0
2024/06/24 04:54:53 [notice] 1#1: signal 29 (SIGIO) received
2024/06/24 04:54:53 [notice] 1#1: signal 17 (SIGCHLD) received from 20
2024/06/24 04:54:53 [notice] 1#1: worker process 20 exited with code 0
2024/06/24 04:54:53 [notice] 1#1: signal 29 (SIGIO) received
2024/06/24 04:54:53 [notice] 1#1: signal 17 (SIGCHLD) received from 27
2024/06/24 04:54:53 [notice] 1#1: worker process 27 exited with code 0
2024/06/24 04:54:53 [notice] 1#1: signal 29 (SIGIO) received
2024/06/24 04:54:53 [notice] 1#1: signal 17 (SIGCHLD) received from 30
2024/06/24 04:54:53 [notice] 1#1: worker process 30 exited with code 0
2024/06/24 04:54:53 [notice] 1#1: signal 29 (SIGIO) received
2024/06/24 04:54:53 [notice] 1#1: signal 17 (SIGCHLD) received from 25
2024/06/24 04:54:53 [notice] 1#1: worker process 25 exited with code 0
2024/06/24 04:54:53 [notice] 1#1: exit
2024/06/24 04:55:31 [notice] 1#1: using the "epoll" event method
2024/06/24 04:55:31 [notice] 1#1: nginx/1.25.4
2024/06/24 04:55:31 [notice] 1#1: built by gcc 12.2.0 (Debian 12.2.0-14) 
2024/06/24 04:55:31 [notice] 1#1: OS: Linux 6.5.0-41-generic
2024/06/24 04:55:31 [notice] 1#1: getrlimit(RLIMIT_NOFILE): 1024:524288
2024/06/24 04:55:31 [notice] 1#1: start worker processes
2024/06/24 04:55:31 [notice] 1#1: start worker process 20
2024/06/24 04:55:31 [notice] 1#1: start worker process 21
2024/06/24 04:55:31 [notice] 1#1: start worker process 22
2024/06/24 04:55:31 [notice] 1#1: start worker process 23
2024/06/24 04:55:31 [notice] 1#1: start worker process 24
2024/06/24 04:55:31 [notice] 1#1: start worker process 25
2024/06/24 04:55:31 [notice] 1#1: start worker process 26
2024/06/24 04:55:31 [notice] 1#1: start worker process 27
2024/06/24 04:55:31 [notice] 1#1: start worker process 28
2024/06/24 04:55:31 [notice] 1#1: start worker process 29
2024/06/24 04:55:31 [notice] 1#1: start worker process 30
2024/06/24 04:55:31 [notice] 1#1: start worker process 31
2024/06/24 05:05:00 [notice] 1#1: signal 3 (SIGQUIT) received, shutting down
2024/06/24 05:05:00 [notice] 21#21: gracefully shutting down
2024/06/24 05:05:00 [notice] 20#20: gracefully shutting down
2024/06/24 05:05:00 [notice] 24#24: gracefully shutting down
2024/06/24 05:05:00 [notice] 23#23: gracefully shutting down
2024/06/24 05:05:00 [notice] 22#22: gracefully shutting down
2024/06/24 05:05:00 [notice] 26#26: gracefully shutting down
2024/06/24 05:05:00 [notice] 25#25: gracefully shutting down
2024/06/24 05:05:00 [notice] 21#21: exiting
2024/06/24 05:05:00 [notice] 27#27: gracefully shutting down
2024/06/24 05:05:00 [notice] 20#20: exiting
2024/06/24 05:05:00 [notice] 31#31: gracefully shutting down
2024/06/24 05:05:00 [notice] 24#24: exiting
2024/06/24 05:05:00 [notice] 23#23: exiting
2024/06/24 05:05:00 [notice] 22#22: exiting
2024/06/24 05:05:00 [notice] 26#26: exiting
2024/06/24 05:05:00 [notice] 31#31: exiting
2024/06/24 05:05:00 [notice] 25#25: exiting
2024/06/24 05:05:00 [notice] 27#27: exiting
2024/06/24 05:05:00 [notice] 21#21: exit
2024/06/24 05:05:00 [notice] 20#20: exit
2024/06/24 05:05:00 [notice] 24#24: exit
2024/06/24 05:05:00 [notice] 23#23: exit
2024/06/24 05:05:00 [notice] 22#22: exit
2024/06/24 05:05:00 [notice] 26#26: exit
2024/06/24 05:05:00 [notice] 31#31: exit
2024/06/24 05:05:00 [notice] 27#27: exit
2024/06/24 05:05:00 [notice] 25#25: exit
2024/06/24 05:05:00 [notice] 29#29: gracefully shutting down
2024/06/24 05:05:00 [notice] 29#29: exiting
2024/06/24 05:05:00 [notice] 29#29: exit
2024/06/24 05:05:00 [notice] 30#30: gracefully shutting down
2024/06/24 05:05:00 [notice] 30#30: exiting
2024/06/24 05:05:00 [notice] 30#30: exit
2024/06/24 05:05:00 [notice] 28#28: gracefully shutting down
2024/06/24 05:05:00 [notice] 28#28: exiting
2024/06/24 05:05:00 [notice] 28#28: exit
2024/06/24 05:05:00 [notice] 1#1: signal 17 (SIGCHLD) received from 23
2024/06/24 05:05:00 [notice] 1#1: worker process 23 exited with code 0
2024/06/24 05:05:00 [notice] 1#1: signal 29 (SIGIO) received
2024/06/24 05:05:00 [notice] 1#1: signal 17 (SIGCHLD) received from 22
2024/06/24 05:05:00 [notice] 1#1: worker process 22 exited with code 0
2024/06/24 05:05:00 [notice] 1#1: signal 29 (SIGIO) received
2024/06/24 05:05:00 [notice] 1#1: signal 17 (SIGCHLD) received from 25
2024/06/24 05:05:00 [notice] 1#1: worker process 25 exited with code 0
2024/06/24 05:05:00 [notice] 1#1: signal 29 (SIGIO) received
2024/06/24 05:05:00 [notice] 1#1: signal 17 (SIGCHLD) received from 28
2024/06/24 05:05:00 [notice] 1#1: worker process 28 exited with code 0
2024/06/24 05:05:00 [notice] 1#1: signal 29 (SIGIO) received
2024/06/24 05:05:00 [notice] 1#1: signal 17 (SIGCHLD) received from 24
2024/06/24 05:05:00 [notice] 1#1: worker process 24 exited with code 0
2024/06/24 05:05:00 [notice] 1#1: signal 29 (SIGIO) received
2024/06/24 05:05:00 [notice] 1#1: signal 17 (SIGCHLD) received from 20
2024/06/24 05:05:00 [notice] 1#1: worker process 20 exited with code 0
2024/06/24 05:05:00 [notice] 1#1: signal 29 (SIGIO) received
2024/06/24 05:05:00 [notice] 1#1: signal 17 (SIGCHLD) received from 31
2024/06/24 05:05:00 [notice] 1#1: worker process 31 exited with code 0
2024/06/24 05:05:00 [notice] 1#1: signal 29 (SIGIO) received
2024/06/24 05:05:00 [notice] 1#1: signal 17 (SIGCHLD) received from 21
2024/06/24 05:05:00 [notice] 1#1: worker process 21 exited with code 0
2024/06/24 05:05:00 [notice] 1#1: signal 29 (SIGIO) received
2024/06/24 05:05:00 [notice] 1#1: signal 17 (SIGCHLD) received from 27
2024/06/24 05:05:00 [notice] 1#1: worker process 27 exited with code 0
2024/06/24 05:05:00 [notice] 1#1: signal 29 (SIGIO) received
2024/06/24 05:05:00 [notice] 1#1: signal 17 (SIGCHLD) received from 30
2024/06/24 05:05:00 [notice] 1#1: worker process 30 exited with code 0
2024/06/24 05:05:00 [notice] 1#1: signal 29 (SIGIO) received
2024/06/24 05:05:00 [notice] 1#1: signal 17 (SIGCHLD) received from 26
2024/06/24 05:05:00 [notice] 1#1: worker process 26 exited with code 0
2024/06/24 05:05:00 [notice] 1#1: signal 17 (SIGCHLD) received from 29
2024/06/24 05:05:00 [notice] 1#1: worker process 29 exited with code 0
2024/06/24 05:05:00 [notice] 1#1: exit
2024/06/24 05:09:30 [notice] 1#1: using the "epoll" event method
2024/06/24 05:09:30 [notice] 1#1: nginx/1.25.4
2024/06/24 05:09:30 [notice] 1#1: built by gcc 12.2.0 (Debian 12.2.0-14) 
2024/06/24 05:09:30 [notice] 1#1: OS: Linux 6.5.0-41-generic
2024/06/24 05:09:30 [notice] 1#1: getrlimit(RLIMIT_NOFILE): 1024:524288
2024/06/24 05:09:30 [notice] 1#1: start worker processes
2024/06/24 05:09:30 [notice] 1#1: start worker process 19
2024/06/24 05:09:30 [notice] 1#1: start worker process 20
2024/06/24 05:09:30 [notice] 1#1: start worker process 21
2024/06/24 05:09:30 [notice] 1#1: start worker process 22
2024/06/24 05:09:30 [notice] 1#1: start worker process 23
2024/06/24 05:09:30 [notice] 1#1: start worker process 24
2024/06/24 05:09:30 [notice] 1#1: start worker process 25
2024/06/24 05:09:30 [notice] 1#1: start worker process 26
2024/06/24 05:09:30 [notice] 1#1: start worker process 27
2024/06/24 05:09:30 [notice] 1#1: start worker process 28
2024/06/24 05:09:30 [notice] 1#1: start worker process 29
2024/06/24 05:09:30 [notice] 1#1: start worker process 30
2024/06/24 05:15:37 [notice] 1#1: signal 3 (SIGQUIT) received, shutting down
2024/06/24 05:15:37 [notice] 19#19: gracefully shutting down
2024/06/24 05:15:37 [notice] 20#20: gracefully shutting down
2024/06/24 05:15:37 [notice] 21#21: gracefully shutting down
2024/06/24 05:15:37 [notice] 23#23: gracefully shutting down
2024/06/24 05:15:37 [notice] 22#22: gracefully shutting down
2024/06/24 05:15:37 [notice] 24#24: gracefully shutting down
2024/06/24 05:15:37 [notice] 25#25: gracefully shutting down
2024/06/24 05:15:37 [notice] 26#26: gracefully shutting down
2024/06/24 05:15:37 [notice] 19#19: exiting
2024/06/24 05:15:37 [notice] 20#20: exiting
2024/06/24 05:15:37 [notice] 27#27: gracefully shutting down
2024/06/24 05:15:37 [notice] 21#21: exiting
2024/06/24 05:15:37 [notice] 23#23: exiting
2024/06/24 05:15:37 [notice] 30#30: gracefully shutting down
2024/06/24 05:15:37 [notice] 29#29: gracefully shutting down
2024/06/24 05:15:37 [notice] 22#22: exiting
2024/06/24 05:15:37 [notice] 24#24: exiting
2024/06/24 05:15:37 [notice] 25#25: exiting
2024/06/24 05:15:37 [notice] 26#26: exiting
2024/06/24 05:15:37 [notice] 27#27: exiting
2024/06/24 05:15:37 [notice] 30#30: exiting
2024/06/24 05:15:37 [notice] 29#29: exiting
2024/06/24 05:15:37 [notice] 19#19: exit
2024/06/24 05:15:37 [notice] 20#20: exit
2024/06/24 05:15:37 [notice] 21#21: exit
2024/06/24 05:15:37 [notice] 23#23: exit
2024/06/24 05:15:37 [notice] 22#22: exit
2024/06/24 05:15:37 [notice] 25#25: exit
2024/06/24 05:15:37 [notice] 26#26: exit
2024/06/24 05:15:37 [notice] 24#24: exit
2024/06/24 05:15:37 [notice] 30#30: exit
2024/06/24 05:15:37 [notice] 27#27: exit
2024/06/24 05:15:37 [notice] 29#29: exit
2024/06/24 05:15:37 [notice] 28#28: gracefully shutting down
2024/06/24 05:15:37 [notice] 28#28: exiting
2024/06/24 05:15:37 [notice] 28#28: exit
2024/06/24 05:15:37 [notice] 1#1: signal 17 (SIGCHLD) received from 25
2024/06/24 05:15:37 [notice] 1#1: worker process 25 exited with code 0
2024/06/24 05:15:37 [notice] 1#1: signal 29 (SIGIO) received
2024/06/24 05:15:37 [notice] 1#1: signal 17 (SIGCHLD) received from 19
2024/06/24 05:15:37 [notice] 1#1: worker process 19 exited with code 0
2024/06/24 05:15:37 [notice] 1#1: signal 29 (SIGIO) received
2024/06/24 05:15:37 [notice] 1#1: signal 17 (SIGCHLD) received from 24
2024/06/24 05:15:37 [notice] 1#1: worker process 24 exited with code 0
2024/06/24 05:15:37 [notice] 1#1: signal 29 (SIGIO) received
2024/06/24 05:15:37 [notice] 1#1: signal 17 (SIGCHLD) received from 23
2024/06/24 05:15:37 [notice] 1#1: worker process 23 exited with code 0
2024/06/24 05:15:37 [notice] 1#1: signal 29 (SIGIO) received
2024/06/24 05:15:37 [notice] 1#1: signal 17 (SIGCHLD) received from 20
2024/06/24 05:15:37 [notice] 1#1: worker process 20 exited with code 0
2024/06/24 05:15:37 [notice] 1#1: signal 29 (SIGIO) received
2024/06/24 05:15:37 [notice] 1#1: signal 17 (SIGCHLD) received from 27
2024/06/24 05:15:37 [notice] 1#1: worker process 27 exited with code 0
2024/06/24 05:15:37 [notice] 1#1: signal 29 (SIGIO) received
2024/06/24 05:15:37 [notice] 1#1: signal 17 (SIGCHLD) received from 22
2024/06/24 05:15:37 [notice] 1#1: worker process 22 exited with code 0
2024/06/24 05:15:37 [notice] 1#1: worker process 29 exited with code 0
2024/06/24 05:15:37 [notice] 1#1: signal 29 (SIGIO) received
2024/06/24 05:15:37 [notice] 1#1: signal 17 (SIGCHLD) received from 29
2024/06/24 05:15:37 [notice] 1#1: signal 17 (SIGCHLD) received from 30
2024/06/24 05:15:37 [notice] 1#1: worker process 30 exited with code 0
2024/06/24 05:15:37 [notice] 1#1: signal 29 (SIGIO) received
2024/06/24 05:15:37 [notice] 1#1: signal 17 (SIGCHLD) received from 28
2024/06/24 05:15:37 [notice] 1#1: worker process 28 exited with code 0
2024/06/24 05:15:37 [notice] 1#1: signal 29 (SIGIO) received
2024/06/24 05:15:37 [notice] 1#1: signal 17 (SIGCHLD) received from 21
2024/06/24 05:15:37 [notice] 1#1: worker process 21 exited with code 0
2024/06/24 05:15:37 [notice] 1#1: signal 29 (SIGIO) received
2024/06/24 05:15:37 [notice] 1#1: signal 17 (SIGCHLD) received from 26
2024/06/24 05:15:37 [notice] 1#1: worker process 26 exited with code 0
2024/06/24 05:15:37 [notice] 1#1: exit
2024/06/24 05:16:17 [notice] 1#1: using the "epoll" event method
2024/06/24 05:16:17 [notice] 1#1: nginx/1.25.4
2024/06/24 05:16:17 [notice] 1#1: built by gcc 12.2.0 (Debian 12.2.0-14) 
2024/06/24 05:16:17 [notice] 1#1: OS: Linux 6.5.0-41-generic
2024/06/24 05:16:17 [notice] 1#1: getrlimit(RLIMIT_NOFILE): 1024:524288
2024/06/24 05:16:17 [notice] 1#1: start worker processes
2024/06/24 05:16:17 [notice] 1#1: start worker process 20
2024/06/24 05:16:17 [notice] 1#1: start worker process 21
2024/06/24 05:16:17 [notice] 1#1: start worker process 22
2024/06/24 05:16:17 [notice] 1#1: start worker process 23
2024/06/24 05:16:17 [notice] 1#1: start worker process 24
2024/06/24 05:16:17 [notice] 1#1: start worker process 25
2024/06/24 05:16:17 [notice] 1#1: start worker process 26
2024/06/24 05:16:17 [notice] 1#1: start worker process 27
2024/06/24 05:16:17 [notice] 1#1: start worker process 28
2024/06/24 05:16:17 [notice] 1#1: start worker process 29
2024/06/24 05:16:17 [notice] 1#1: start worker process 30
2024/06/24 05:16:17 [notice] 1#1: start worker process 31
2024/06/24 05:18:39 [notice] 1#1: signal 3 (SIGQUIT) received, shutting down
2024/06/24 05:18:39 [notice] 21#21: gracefully shutting down
2024/06/24 05:18:39 [notice] 20#20: gracefully shutting down
2024/06/24 05:18:39 [notice] 22#22: gracefully shutting down
2024/06/24 05:18:39 [notice] 23#23: gracefully shutting down
2024/06/24 05:18:39 [notice] 24#24: gracefully shutting down
2024/06/24 05:18:39 [notice] 25#25: gracefully shutting down
2024/06/24 05:18:39 [notice] 27#27: gracefully shutting down
2024/06/24 05:18:39 [notice] 26#26: gracefully shutting down
2024/06/24 05:18:39 [notice] 21#21: exiting
2024/06/24 05:18:39 [notice] 29#29: gracefully shutting down
2024/06/24 05:18:39 [notice] 20#20: exiting
2024/06/24 05:18:39 [notice] 22#22: exiting
2024/06/24 05:18:39 [notice] 31#31: gracefully shutting down
2024/06/24 05:18:39 [notice] 23#23: exiting
2024/06/24 05:18:39 [notice] 24#24: exiting
2024/06/24 05:18:39 [notice] 25#25: exiting
2024/06/24 05:18:39 [notice] 27#27: exiting
2024/06/24 05:18:39 [notice] 26#26: exiting
2024/06/24 05:18:39 [notice] 29#29: exiting
2024/06/24 05:18:39 [notice] 31#31: exiting
2024/06/24 05:18:39 [notice] 21#21: exit
2024/06/24 05:18:39 [notice] 22#22: exit
2024/06/24 05:18:39 [notice] 20#20: exit
2024/06/24 05:18:39 [notice] 24#24: exit
2024/06/24 05:18:39 [notice] 23#23: exit
2024/06/24 05:18:39 [notice] 25#25: exit
2024/06/24 05:18:39 [notice] 27#27: exit
2024/06/24 05:18:39 [notice] 26#26: exit
2024/06/24 05:18:39 [notice] 29#29: exit
2024/06/24 05:18:39 [notice] 31#31: exit
2024/06/24 05:18:39 [notice] 30#30: gracefully shutting down
2024/06/24 05:18:39 [notice] 30#30: exiting
2024/06/24 05:18:39 [notice] 30#30: exit
2024/06/24 05:18:39 [notice] 28#28: gracefully shutting down
2024/06/24 05:18:39 [notice] 28#28: exiting
2024/06/24 05:18:39 [notice] 28#28: exit
2024/06/24 05:18:40 [notice] 1#1: signal 17 (SIGCHLD) received from 22
2024/06/24 05:18:40 [notice] 1#1: worker process 22 exited with code 0
2024/06/24 05:18:40 [notice] 1#1: signal 29 (SIGIO) received
2024/06/24 05:18:40 [notice] 1#1: signal 17 (SIGCHLD) received from 26
2024/06/24 05:18:40 [notice] 1#1: worker process 26 exited with code 0
2024/06/24 05:18:40 [notice] 1#1: signal 29 (SIGIO) received
2024/06/24 05:18:40 [notice] 1#1: signal 17 (SIGCHLD) received from 21
2024/06/24 05:18:40 [notice] 1#1: worker process 21 exited with code 0
2024/06/24 05:18:40 [notice] 1#1: signal 29 (SIGIO) received
2024/06/24 05:18:40 [notice] 1#1: signal 17 (SIGCHLD) received from 24
2024/06/24 05:18:40 [notice] 1#1: worker process 24 exited with code 0
2024/06/24 05:18:40 [notice] 1#1: worker process 25 exited with code 0
2024/06/24 05:18:40 [notice] 1#1: worker process 28 exited with code 0
2024/06/24 05:18:40 [notice] 1#1: worker process 20 exited with code 0
2024/06/24 05:18:40 [notice] 1#1: worker process 27 exited with code 0
2024/06/24 05:18:40 [notice] 1#1: worker process 30 exited with code 0
2024/06/24 05:18:40 [notice] 1#1: worker process 31 exited with code 0
2024/06/24 05:18:40 [notice] 1#1: signal 29 (SIGIO) received
2024/06/24 05:18:40 [notice] 1#1: signal 17 (SIGCHLD) received from 25
2024/06/24 05:18:40 [notice] 1#1: signal 17 (SIGCHLD) received from 23
2024/06/24 05:18:40 [notice] 1#1: worker process 23 exited with code 0
2024/06/24 05:18:40 [notice] 1#1: worker process 29 exited with code 0
2024/06/24 05:18:40 [notice] 1#1: exit
2024/06/24 05:18:46 [notice] 1#1: using the "epoll" event method
2024/06/24 05:18:46 [notice] 1#1: nginx/1.25.4
2024/06/24 05:18:46 [notice] 1#1: built by gcc 12.2.0 (Debian 12.2.0-14) 
2024/06/24 05:18:46 [notice] 1#1: OS: Linux 6.5.0-41-generic
2024/06/24 05:18:46 [notice] 1#1: getrlimit(RLIMIT_NOFILE): 1024:524288
2024/06/24 05:18:46 [notice] 1#1: start worker processes
2024/06/24 05:18:46 [notice] 1#1: start worker process 20
2024/06/24 05:18:46 [notice] 1#1: start worker process 21
2024/06/24 05:18:46 [notice] 1#1: start worker process 22
2024/06/24 05:18:46 [notice] 1#1: start worker process 23
2024/06/24 05:18:46 [notice] 1#1: start worker process 24
2024/06/24 05:18:46 [notice] 1#1: start worker process 25
2024/06/24 05:18:46 [notice] 1#1: start worker process 26
2024/06/24 05:18:46 [notice] 1#1: start worker process 27
2024/06/24 05:18:46 [notice] 1#1: start worker process 28
2024/06/24 05:18:46 [notice] 1#1: start worker process 29
2024/06/24 05:18:46 [notice] 1#1: start worker process 30
2024/06/24 05:18:46 [notice] 1#1: start worker process 31
2024/06/24 05:21:10 [notice] 1#1: signal 3 (SIGQUIT) received, shutting down
2024/06/24 05:21:10 [notice] 21#21: gracefully shutting down
2024/06/24 05:21:10 [notice] 20#20: gracefully shutting down
2024/06/24 05:21:10 [notice] 22#22: gracefully shutting down
2024/06/24 05:21:10 [notice] 23#23: gracefully shutting down
2024/06/24 05:21:10 [notice] 24#24: gracefully shutting down
2024/06/24 05:21:10 [notice] 26#26: gracefully shutting down
2024/06/24 05:21:10 [notice] 21#21: exiting
2024/06/24 05:21:10 [notice] 20#20: exiting
2024/06/24 05:21:10 [notice] 29#29: gracefully shutting down
2024/06/24 05:21:10 [notice] 25#25: gracefully shutting down
2024/06/24 05:21:10 [notice] 22#22: exiting
2024/06/24 05:21:10 [notice] 23#23: exiting
2024/06/24 05:21:10 [notice] 24#24: exiting
2024/06/24 05:21:10 [notice] 26#26: exiting
2024/06/24 05:21:10 [notice] 29#29: exiting
2024/06/24 05:21:10 [notice] 25#25: exiting
2024/06/24 05:21:10 [notice] 21#21: exit
2024/06/24 05:21:10 [notice] 20#20: exit
2024/06/24 05:21:10 [notice] 24#24: exit
2024/06/24 05:21:10 [notice] 22#22: exit
2024/06/24 05:21:10 [notice] 23#23: exit
2024/06/24 05:21:10 [notice] 26#26: exit
2024/06/24 05:21:10 [notice] 29#29: exit
2024/06/24 05:21:10 [notice] 25#25: exit
2024/06/24 05:21:10 [notice] 27#27: gracefully shutting down
2024/06/24 05:21:10 [notice] 27#27: exiting
2024/06/24 05:21:10 [notice] 28#28: gracefully shutting down
2024/06/24 05:21:10 [notice] 27#27: exit
2024/06/24 05:21:10 [notice] 28#28: exiting
2024/06/24 05:21:10 [notice] 28#28: exit
2024/06/24 05:21:10 [notice] 30#30: gracefully shutting down
2024/06/24 05:21:10 [notice] 30#30: exiting
2024/06/24 05:21:10 [notice] 30#30: exit
2024/06/24 05:21:10 [notice] 31#31: gracefully shutting down
2024/06/24 05:21:10 [notice] 31#31: exiting
2024/06/24 05:21:10 [notice] 31#31: exit
2024/06/24 05:21:10 [notice] 1#1: signal 17 (SIGCHLD) received from 28
2024/06/24 05:21:10 [notice] 1#1: worker process 24 exited with code 0
2024/06/24 05:21:10 [notice] 1#1: worker process 28 exited with code 0
2024/06/24 05:21:10 [notice] 1#1: signal 29 (SIGIO) received
2024/06/24 05:21:10 [notice] 1#1: signal 17 (SIGCHLD) received from 21
2024/06/24 05:21:10 [notice] 1#1: worker process 21 exited with code 0
2024/06/24 05:21:10 [notice] 1#1: signal 29 (SIGIO) received
2024/06/24 05:21:10 [notice] 1#1: signal 17 (SIGCHLD) received from 25
2024/06/24 05:21:10 [notice] 1#1: worker process 25 exited with code 0
2024/06/24 05:21:10 [notice] 1#1: worker process 22 exited with code 0
2024/06/24 05:21:10 [notice] 1#1: worker process 30 exited with code 0
2024/06/24 05:21:10 [notice] 1#1: signal 29 (SIGIO) received
2024/06/24 05:21:10 [notice] 1#1: signal 17 (SIGCHLD) received from 22
2024/06/24 05:21:10 [notice] 1#1: signal 17 (SIGCHLD) received from 31
2024/06/24 05:21:10 [notice] 1#1: worker process 31 exited with code 0
2024/06/24 05:21:10 [notice] 1#1: signal 29 (SIGIO) received
2024/06/24 05:21:10 [notice] 1#1: signal 17 (SIGCHLD) received from 27
2024/06/24 05:21:10 [notice] 1#1: worker process 20 exited with code 0
2024/06/24 05:21:10 [notice] 1#1: worker process 27 exited with code 0
2024/06/24 05:21:10 [notice] 1#1: signal 29 (SIGIO) received
2024/06/24 05:21:10 [notice] 1#1: signal 17 (SIGCHLD) received from 20
2024/06/24 05:21:10 [notice] 1#1: signal 17 (SIGCHLD) received from 29
2024/06/24 05:21:10 [notice] 1#1: worker process 29 exited with code 0
2024/06/24 05:21:10 [notice] 1#1: signal 29 (SIGIO) received
2024/06/24 05:21:10 [notice] 1#1: signal 17 (SIGCHLD) received from 26
2024/06/24 05:21:10 [notice] 1#1: worker process 26 exited with code 0
2024/06/24 05:21:10 [notice] 1#1: signal 29 (SIGIO) received
2024/06/24 05:21:10 [notice] 1#1: signal 17 (SIGCHLD) received from 23
2024/06/24 05:21:10 [notice] 1#1: worker process 23 exited with code 0
2024/06/24 05:21:10 [notice] 1#1: exit
2024/06/24 05:21:23 [emerg] 1#1: host not found in upstream "app" in /etc/nginx/conf.d/nginx.conf:19
2024/06/24 05:24:38 [notice] 1#1: using the "epoll" event method
2024/06/24 05:24:38 [notice] 1#1: nginx/1.25.4
2024/06/24 05:24:38 [notice] 1#1: built by gcc 12.2.0 (Debian 12.2.0-14) 
2024/06/24 05:24:38 [notice] 1#1: OS: Linux 6.5.0-41-generic
2024/06/24 05:24:38 [notice] 1#1: getrlimit(RLIMIT_NOFILE): 1024:524288
2024/06/24 05:24:38 [notice] 1#1: start worker processes
2024/06/24 05:24:38 [notice] 1#1: start worker process 20
2024/06/24 05:24:38 [notice] 1#1: start worker process 21
2024/06/24 05:24:38 [notice] 1#1: start worker process 22
2024/06/24 05:24:38 [notice] 1#1: start worker process 23
2024/06/24 05:24:38 [notice] 1#1: start worker process 24
2024/06/24 05:24:38 [notice] 1#1: start worker process 25
2024/06/24 05:24:38 [notice] 1#1: start worker process 26
2024/06/24 05:24:38 [notice] 1#1: start worker process 27
2024/06/24 05:24:38 [notice] 1#1: start worker process 28
2024/06/24 05:24:38 [notice] 1#1: start worker process 29
2024/06/24 05:24:38 [notice] 1#1: start worker process 30
2024/06/24 05:24:38 [notice] 1#1: start worker process 31
2024/06/24 06:34:26 [notice] 1#1: signal 3 (SIGQUIT) received, shutting down
2024/06/24 06:34:26 [notice] 20#20: gracefully shutting down
2024/06/24 06:34:26 [notice] 21#21: gracefully shutting down
2024/06/24 06:34:26 [notice] 25#25: gracefully shutting down
2024/06/24 06:34:26 [notice] 23#23: gracefully shutting down
2024/06/24 06:34:26 [notice] 22#22: gracefully shutting down
2024/06/24 06:34:26 [notice] 24#24: gracefully shutting down
2024/06/24 06:34:26 [notice] 27#27: gracefully shutting down
2024/06/24 06:34:26 [notice] 28#28: gracefully shutting down
2024/06/24 06:34:26 [notice] 29#29: gracefully shutting down
2024/06/24 06:34:26 [notice] 21#21: exiting
2024/06/24 06:34:26 [notice] 26#26: gracefully shutting down
2024/06/24 06:34:26 [notice] 25#25: exiting
2024/06/24 06:34:26 [notice] 23#23: exiting
2024/06/24 06:34:26 [notice] 22#22: exiting
2024/06/24 06:34:26 [notice] 24#24: exiting
2024/06/24 06:34:26 [notice] 27#27: exiting
2024/06/24 06:34:26 [notice] 28#28: exiting
2024/06/24 06:34:26 [notice] 29#29: exiting
2024/06/24 06:34:26 [notice] 20#20: exiting
2024/06/24 06:34:26 [notice] 26#26: exiting
2024/06/24 06:34:26 [notice] 21#21: exit
2024/06/24 06:34:26 [notice] 25#25: exit
2024/06/24 06:34:26 [notice] 24#24: exit
2024/06/24 06:34:26 [notice] 27#27: exit
2024/06/24 06:34:26 [notice] 23#23: exit
2024/06/24 06:34:26 [notice] 22#22: exit
2024/06/24 06:34:26 [notice] 28#28: exit
2024/06/24 06:34:26 [notice] 29#29: exit
2024/06/24 06:34:26 [notice] 26#26: exit
2024/06/24 06:34:26 [notice] 20#20: exit
2024/06/24 06:34:26 [notice] 30#30: gracefully shutting down
2024/06/24 06:34:26 [notice] 30#30: exiting
2024/06/24 06:34:26 [notice] 30#30: exit
2024/06/24 06:34:26 [notice] 31#31: gracefully shutting down
2024/06/24 06:34:26 [notice] 31#31: exiting
2024/06/24 06:34:26 [notice] 31#31: exit
2024/06/24 06:34:26 [notice] 1#1: signal 17 (SIGCHLD) received from 24
2024/06/24 06:34:26 [notice] 1#1: worker process 21 exited with code 0
2024/06/24 06:34:26 [notice] 1#1: worker process 24 exited with code 0
2024/06/24 06:34:26 [notice] 1#1: worker process 30 exited with code 0
2024/06/24 06:34:26 [notice] 1#1: signal 29 (SIGIO) received
2024/06/24 06:34:26 [notice] 1#1: signal 17 (SIGCHLD) received from 29
2024/06/24 06:34:26 [notice] 1#1: worker process 29 exited with code 0
2024/06/24 06:34:26 [notice] 1#1: signal 29 (SIGIO) received
2024/06/24 06:34:26 [notice] 1#1: signal 17 (SIGCHLD) received from 25
2024/06/24 06:34:26 [notice] 1#1: worker process 25 exited with code 0
2024/06/24 06:34:26 [notice] 1#1: signal 29 (SIGIO) received
2024/06/24 06:34:26 [notice] 1#1: signal 17 (SIGCHLD) received from 27
2024/06/24 06:34:26 [notice] 1#1: worker process 27 exited with code 0
2024/06/24 06:34:26 [notice] 1#1: signal 29 (SIGIO) received
2024/06/24 06:34:26 [notice] 1#1: signal 17 (SIGCHLD) received from 22
2024/06/24 06:34:26 [notice] 1#1: worker process 22 exited with code 0
2024/06/24 06:34:26 [notice] 1#1: worker process 31 exited with code 0
2024/06/24 06:34:26 [notice] 1#1: signal 29 (SIGIO) received
2024/06/24 06:34:26 [notice] 1#1: signal 17 (SIGCHLD) received from 31
2024/06/24 06:34:26 [notice] 1#1: signal 17 (SIGCHLD) received from 28
2024/06/24 06:34:26 [notice] 1#1: worker process 28 exited with code 0
2024/06/24 06:34:26 [notice] 1#1: signal 29 (SIGIO) received
2024/06/24 06:34:26 [notice] 1#1: signal 17 (SIGCHLD) received from 20
2024/06/24 06:34:26 [notice] 1#1: worker process 20 exited with code 0
2024/06/24 06:34:26 [notice] 1#1: signal 29 (SIGIO) received
2024/06/24 06:34:26 [notice] 1#1: signal 17 (SIGCHLD) received from 26
2024/06/24 06:34:26 [notice] 1#1: worker process 26 exited with code 0
2024/06/24 06:34:26 [notice] 1#1: signal 17 (SIGCHLD) received from 23
2024/06/24 06:34:26 [notice] 1#1: worker process 23 exited with code 0
2024/06/24 06:34:26 [notice] 1#1: exit
2024/06/24 15:12:37 [notice] 1#1: using the "epoll" event method
2024/06/24 15:12:37 [notice] 1#1: nginx/1.25.4
2024/06/24 15:12:37 [notice] 1#1: built by gcc 12.2.0 (Debian 12.2.0-14) 
2024/06/24 15:12:37 [notice] 1#1: OS: Linux 6.5.0-41-generic
2024/06/24 15:12:37 [notice] 1#1: getrlimit(RLIMIT_NOFILE): 1024:524288
2024/06/24 15:12:37 [notice] 1#1: start worker processes
2024/06/24 15:12:37 [notice] 1#1: start worker process 20
2024/06/24 15:12:37 [notice] 1#1: start worker process 21
2024/06/24 15:12:37 [notice] 1#1: start worker process 22
2024/06/24 15:12:37 [notice] 1#1: start worker process 23
2024/06/24 15:12:37 [notice] 1#1: start worker process 24
2024/06/24 15:12:37 [notice] 1#1: start worker process 25
2024/06/24 15:12:37 [notice] 1#1: start worker process 26
2024/06/24 15:12:37 [notice] 1#1: start worker process 27
2024/06/24 15:12:37 [notice] 1#1: start worker process 28
2024/06/24 15:12:37 [notice] 1#1: start worker process 29
2024/06/24 15:12:37 [notice] 1#1: start worker process 30
2024/06/24 15:12:37 [notice] 1#1: start worker process 31
